2022-07-15T09:14:53,253 ERROR MatsimRuntimeModifications:75 Getting uncaught Exception in Thread main
java.lang.NullPointerException: null
	at org.matsim.core.config.groups.PlanCalcScoreConfigGroup$ScoringParameterSet.getMarginalUtlOfWaitingPt_utils_hr(PlanCalcScoreConfigGroup.java:1358) ~[matsim-13.0.jar:?]
	at jdk.internal.reflect.NativeMethodAccessorImpl.invoke0(Native Method) ~[?:?]
	at jdk.internal.reflect.NativeMethodAccessorImpl.invoke(NativeMethodAccessorImpl.java:62) ~[?:?]
	at jdk.internal.reflect.DelegatingMethodAccessorImpl.invoke(DelegatingMethodAccessorImpl.java:43) ~[?:?]
	at java.lang.reflect.Method.invoke(Method.java:564) ~[?:?]
	at org.matsim.core.config.ReflectiveConfigGroup.getValue(ReflectiveConfigGroup.java:350) ~[matsim-13.0.jar:?]
	at org.matsim.core.config.ConfigGroup.addParameterToMap(ConfigGroup.java:81) ~[matsim-13.0.jar:?]
	at org.matsim.core.config.ReflectiveConfigGroup.getParams(ReflectiveConfigGroup.java:408) ~[matsim-13.0.jar:?]
	at org.matsim.core.config.ConfigWriterHandlerImplV2.writeModule(ConfigWriterHandlerImplV2.java:81) ~[matsim-13.0.jar:?]
	at org.matsim.core.config.ConfigWriterHandlerImplV2.processParameterSets(ConfigWriterHandlerImplV2.java:154) ~[matsim-13.0.jar:?]
	at org.matsim.core.config.ConfigWriterHandlerImplV2.writeModule(ConfigWriterHandlerImplV2.java:95) ~[matsim-13.0.jar:?]
	at org.matsim.core.config.ConfigWriterHandlerImplV2.writeModule(ConfigWriterHandlerImplV2.java:297) ~[matsim-13.0.jar:?]
	at org.matsim.core.config.ConfigWriter.write(ConfigWriter.java:111) ~[matsim-13.0.jar:?]
	at org.matsim.core.config.ConfigWriter.writeStream(ConfigWriter.java:75) ~[matsim-13.0.jar:?]
	at org.matsim.core.controler.ControlerUtils.checkConfigConsistencyAndWriteToLog(ControlerUtils.java:82) ~[matsim-13.0.jar:?]
	at org.matsim.core.controler.AbstractController$1.run(AbstractController.java:79) ~[matsim-13.0.jar:?]
	at org.matsim.core.controler.MatsimRuntimeModifications.run(MatsimRuntimeModifications.java:69) [matsim-13.0.jar:?]
	at org.matsim.core.controler.MatsimRuntimeModifications.run(MatsimRuntimeModifications.java:52) [matsim-13.0.jar:?]
	at org.matsim.core.controler.AbstractController.run(AbstractController.java:89) [matsim-13.0.jar:?]
	at org.matsim.core.controler.NewControler.run(NewControler.java:82) [matsim-13.0.jar:?]
	at org.matsim.core.controler.Controler.run(Controler.java:249) [matsim-13.0.jar:?]
	at org.matsim.run.Controler.run(Controler.java:54) [matsim-13.0.jar:?]
	at org.matsim.run.Controler.main(Controler.java:58) [matsim-13.0.jar:?]
2022-07-15T09:14:53,269 ERROR MatsimRuntimeModifications:81 ERROR --- This is an unexpected shutdown!
2022-07-15T09:14:53,269 ERROR MatsimRuntimeModifications:84 Shutdown possibly caused by the following Exception:
java.lang.NullPointerException: null
	at org.matsim.core.config.groups.PlanCalcScoreConfigGroup$ScoringParameterSet.getMarginalUtlOfWaitingPt_utils_hr(PlanCalcScoreConfigGroup.java:1358) ~[matsim-13.0.jar:?]
	at jdk.internal.reflect.NativeMethodAccessorImpl.invoke0(Native Method) ~[?:?]
	at jdk.internal.reflect.NativeMethodAccessorImpl.invoke(NativeMethodAccessorImpl.java:62) ~[?:?]
	at jdk.internal.reflect.DelegatingMethodAccessorImpl.invoke(DelegatingMethodAccessorImpl.java:43) ~[?:?]
	at java.lang.reflect.Method.invoke(Method.java:564) ~[?:?]
	at org.matsim.core.config.ReflectiveConfigGroup.getValue(ReflectiveConfigGroup.java:350) ~[matsim-13.0.jar:?]
	at org.matsim.core.config.ConfigGroup.addParameterToMap(ConfigGroup.java:81) ~[matsim-13.0.jar:?]
	at org.matsim.core.config.ReflectiveConfigGroup.getParams(ReflectiveConfigGroup.java:408) ~[matsim-13.0.jar:?]
	at org.matsim.core.config.ConfigWriterHandlerImplV2.writeModule(ConfigWriterHandlerImplV2.java:81) ~[matsim-13.0.jar:?]
	at org.matsim.core.config.ConfigWriterHandlerImplV2.processParameterSets(ConfigWriterHandlerImplV2.java:154) ~[matsim-13.0.jar:?]
	at org.matsim.core.config.ConfigWriterHandlerImplV2.writeModule(ConfigWriterHandlerImplV2.java:95) ~[matsim-13.0.jar:?]
	at org.matsim.core.config.ConfigWriterHandlerImplV2.writeModule(ConfigWriterHandlerImplV2.java:297) ~[matsim-13.0.jar:?]
	at org.matsim.core.config.ConfigWriter.write(ConfigWriter.java:111) ~[matsim-13.0.jar:?]
	at org.matsim.core.config.ConfigWriter.writeStream(ConfigWriter.java:75) ~[matsim-13.0.jar:?]
	at org.matsim.core.controler.ControlerUtils.checkConfigConsistencyAndWriteToLog(ControlerUtils.java:82) ~[matsim-13.0.jar:?]
	at org.matsim.core.controler.AbstractController$1.run(AbstractController.java:79) ~[matsim-13.0.jar:?]
	at org.matsim.core.controler.MatsimRuntimeModifications.run(MatsimRuntimeModifications.java:69) [matsim-13.0.jar:?]
	at org.matsim.core.controler.MatsimRuntimeModifications.run(MatsimRuntimeModifications.java:52) [matsim-13.0.jar:?]
	at org.matsim.core.controler.AbstractController.run(AbstractController.java:89) [matsim-13.0.jar:?]
	at org.matsim.core.controler.NewControler.run(NewControler.java:82) [matsim-13.0.jar:?]
	at org.matsim.core.controler.Controler.run(Controler.java:249) [matsim-13.0.jar:?]
	at org.matsim.run.Controler.run(Controler.java:54) [matsim-13.0.jar:?]
	at org.matsim.run.Controler.main(Controler.java:58) [matsim-13.0.jar:?]
2022-07-15T09:14:53,538 ERROR MatsimRuntimeModifications:99 ERROR --- MATSim unexpectedly terminated. Please check the output or the logfile with warnings and errors for hints.
2022-07-15T09:14:53,538 ERROR MatsimRuntimeModifications:100 ERROR --- results should not be used for further analysis.
2022-07-15T09:14:53,538 ERROR MatsimRuntimeModifications:104 ERROR --- This was an unexpected shutdown! See the log file for a possible reason.
